<?xml version="1.0" encoding="UTF-8"?>
<!-- Generated by org.testng.reporters.JUnitXMLReporter -->
<testsuite ignored="0" hostname="IBM-PF37Z042" failures="1" tests="2" name="SeleniumTests" time="11.824" errors="0" timestamp="2025-07-25T12:15:48 IST">
  <testcase classname="tests.LoginTest" name="LoginToSiteNegative" time="1.106">
    <failure type="java.lang.AssertionError" message="not same title expected [Automation Exercise] but found [Automation Exercise - Signup / Login]">
      <![CDATA[java.lang.AssertionError: not same title expected [Automation Exercise] but found [Automation Exercise - Signup / Login]
at tests.LoginTest.LoginToSiteNegative(LoginTest.java:47)
at java.base/java.util.ArrayList.forEach(ArrayList.java:1511)
... Removed 32 stack frames]]>
    </failure>
  </testcase> <!-- LoginToSiteNegative -->
  <testcase classname="tests.LoginTest" name="LoginToSite" time="2.646"/>
</testsuite> <!-- SeleniumTests -->
